0 info it worked if it ends with ok
1 verbose cli [ 'C:\\Users\\A6BZHZZ\\AppData\\Roaming\\npm\\express\\node.exe',
1 verbose cli   'C:\\Users\\A6BZHZZ\\AppData\\Roaming\\npm\\express\\node_modules\\npm\\bin\\npm-cli.js',
1 verbose cli   'start' ]
2 info using npm@3.10.10
3 info using node@v6.11.4
4 verbose run-script [ 'prestart', 'start', 'poststart' ]
5 info lifecycle nodeproj@0.0.0~prestart: nodeproj@0.0.0
6 silly lifecycle nodeproj@0.0.0~prestart: no script for prestart, continuing
7 info lifecycle nodeproj@0.0.0~start: nodeproj@0.0.0
8 verbose lifecycle nodeproj@0.0.0~start: unsafe-perm in lifecycle true
9 verbose lifecycle nodeproj@0.0.0~start: PATH: C:\Users\A6BZHZZ\AppData\Roaming\npm\express\node_modules\npm\bin\node-gyp-bin;C:\Users\A6BZHZZ\WebstormProjects\nodeproj\node_modules\.bin;C:\Program Files (x86)\Teradata\Client\14.10\ODBC Driver for Teradata\Lib\;C:\Program Files (x86)\Teradata\Client\14.10\Shared ICU Libraries for Teradata\lib\;C:\Program Files\Teradata\Client\14.10\ODBC Driver for Teradata nt-x8664\Lib\;C:\Program Files (x86)\Intel\iCLS Client\;C:\Program Files\Intel\iCLS Client\;C:\ProgramData\Oracle\Java\javapath;C:\Program Files\Common Files\Microsoft Shared\Microsoft Online Services;C:\Program Files (x86)\Common Files\Microsoft Shared\Microsoft Online Services;C:\Windows\system32;C:\Windows;C:\Windows\System32\Wbem;C:\Windows\System32\WindowsPowerShell\v1.0\;C:\Windows\System32\WindowsPowerShell\v1.0\;C:\Program Files (x86)\Intel\Intel(R) Management Engine Components\DAL;C:\Program Files\Intel\Intel(R) Management Engine Components\DAL;C:\Program Files (x86)\Intel\Intel(R) Management Engine Components\IPT;C:\Program Files\Intel\Intel(R) Management Engine Components\IPT;C:\Windows\System32\WindowsPowerShell\v1.0\;C:\Program Files\MongoDB\Server\3.4\bin;C:\users\a6bzhzz\appdata\roaming\npm\express\;C:\Program Files (x86)\Google\Chrome\Application;C:\Program Files (x86)\Teradata\Client\13.0\ODBC Driver for Teradata\Lib;C:\Program Files (x86)\Intel\iCLS Client\;C:\Program Files\Intel\iCLS Client\;C:\ProgramData\Oracle\Java\javapath;C:\Program Files\Common Files\Microsoft Shared\Microsoft Online Services;C:\Program Files (x86)\Common Files\Microsoft Shared\Microsoft Online Services;C:\Windows\system32;C:\Windows;C:\Windows\System32\Wbem;C:\Windows\System32\WindowsPowerShell\v1.0\;C:\Windows\System32\WindowsPowerShell\v1.0\;C:\Program Files (x86)\Intel\Intel(R) Management Engine Components\DAL;C:\Program Files\Intel\Intel(R) Management Engine Components\DAL;C:\Program Files (x86)\Intel\Intel(R) Management Engine Components\IPT;C:\Program Files\Intel\Intel(R) Management Engine Components\IPT;C:\Program Files (x86)\Teradata\Client\13.0\Shared ICU Libraries for Teradata\lib\;C:\Windows\System32\WindowsPowerShell\v1.0\;C:\Program Files\MongoDB\Server\3.4\bin;C:\Users\A6BZHZZ\AppData\Local\Programs\Git\cmd;C:\Users\A6BZHZZ\AppData\Roaming\npm
10 verbose lifecycle nodeproj@0.0.0~start: CWD: C:\Users\A6BZHZZ\WebstormProjects\nodeproj
11 silly lifecycle nodeproj@0.0.0~start: Args: [ '/d /s /c', 'node ./bin/www' ]
12 silly lifecycle nodeproj@0.0.0~start: Returned: code: 1  signal: null
13 info lifecycle nodeproj@0.0.0~start: Failed to exec start script
14 verbose stack Error: nodeproj@0.0.0 start: `node ./bin/www`
14 verbose stack Exit status 1
14 verbose stack     at EventEmitter.<anonymous> (C:\Users\A6BZHZZ\AppData\Roaming\npm\express\node_modules\npm\lib\utils\lifecycle.js:255:16)
14 verbose stack     at emitTwo (events.js:106:13)
14 verbose stack     at EventEmitter.emit (events.js:191:7)
14 verbose stack     at ChildProcess.<anonymous> (C:\Users\A6BZHZZ\AppData\Roaming\npm\express\node_modules\npm\lib\utils\spawn.js:40:14)
14 verbose stack     at emitTwo (events.js:106:13)
14 verbose stack     at ChildProcess.emit (events.js:191:7)
14 verbose stack     at maybeClose (internal/child_process.js:920:16)
14 verbose stack     at Process.ChildProcess._handle.onexit (internal/child_process.js:230:5)
15 verbose pkgid nodeproj@0.0.0
16 verbose cwd C:\Users\A6BZHZZ\WebstormProjects\nodeproj
17 error Windows_NT 6.1.7601
18 error argv "C:\\Users\\A6BZHZZ\\AppData\\Roaming\\npm\\express\\node.exe" "C:\\Users\\A6BZHZZ\\AppData\\Roaming\\npm\\express\\node_modules\\npm\\bin\\npm-cli.js" "start"
19 error node v6.11.4
20 error npm  v3.10.10
21 error code ELIFECYCLE
22 error nodeproj@0.0.0 start: `node ./bin/www`
22 error Exit status 1
23 error Failed at the nodeproj@0.0.0 start script 'node ./bin/www'.
23 error Make sure you have the latest version of node.js and npm installed.
23 error If you do, this is most likely a problem with the nodeproj package,
23 error not with npm itself.
23 error Tell the author that this fails on your system:
23 error     node ./bin/www
23 error You can get information on how to open an issue for this project with:
23 error     npm bugs nodeproj
23 error Or if that isn't available, you can get their info via:
23 error     npm owner ls nodeproj
23 error There is likely additional logging output above.
24 verbose exit [ 1, true ]
